<?xml version="1.0" encoding="UTF-8"?>
<testng-results skipped="0" failed="0" total="1" passed="1">
  <reporter-output>
  </reporter-output>
  <suite name="cucumber.Framework.FirstRunnerTest" duration-ms="71533" started-at="2017-03-20T09:12:27Z" finished-at="2017-03-20T09:13:39Z">
    <groups>
      <group name="cucumber">
        <method signature="AbstractTestNGCucumberTests.feature(cucumber.api.testng.CucumberFeatureWrapper)[pri:0, instance:cucumber.Framework.FirstRunnerTest@2a2d45ba]" name="feature" class="cucumber.api.testng.AbstractTestNGCucumberTests"/>
      </group> <!-- cucumber -->
    </groups>
    <test name="Command line test" duration-ms="71533" started-at="2017-03-20T09:12:27Z" finished-at="2017-03-20T09:13:39Z">
      <class name="cucumber.Framework.FirstRunnerTest">
        <test-method status="PASS" signature="setUpClass()[pri:0, instance:cucumber.Framework.FirstRunnerTest@2a2d45ba]" name="setUpClass" is-config="true" duration-ms="206" started-at="2017-03-20T14:42:27Z" finished-at="2017-03-20T14:42:28Z">
          <reporter-output>
          </reporter-output>
        </test-method> <!-- setUpClass -->
        <test-method status="PASS" signature="feature(cucumber.api.testng.CucumberFeatureWrapper)[pri:0, instance:cucumber.Framework.FirstRunnerTest@2a2d45ba]" name="feature" duration-ms="71175" started-at="2017-03-20T14:42:28Z" description="Runs Cucumber Feature" data-provider="features" finished-at="2017-03-20T14:43:39Z">
          <params>
            <param index="0">
              <value>
                <![CDATA[GQLogo Validation --- As a User, I want to click GQLogo on any page within Application then successfully redirected to Get Qualified Australia page]]>
              </value>
            </param>
          </params>
          <reporter-output>
          </reporter-output>
        </test-method> <!-- feature -->
        <test-method status="PASS" signature="tearDownClass()[pri:0, instance:cucumber.Framework.FirstRunnerTest@2a2d45ba]" name="tearDownClass" is-config="true" duration-ms="13" started-at="2017-03-20T14:43:39Z" finished-at="2017-03-20T14:43:39Z">
          <reporter-output>
          </reporter-output>
        </test-method> <!-- tearDownClass -->
      </class> <!-- cucumber.Framework.FirstRunnerTest -->
    </test> <!-- Command line test -->
  </suite> <!-- cucumber.Framework.FirstRunnerTest -->
</testng-results>
